(  libmakeurl2.4.9.so[0xCBBCB000])[F0 B5       ]0x0000342C:	PUSH	{R4, R5, R6, R7, LR} ; JNI_OnLoad	;(SP=0x10100000 R4=0x00000000 R5=0x00000000 R6=0x00000000 R7=0x00000000 LR=0x010F3825 )
(  libmakeurl2.4.9.so[0xCBBCB000])[03 AF       ]0x0000342E:	ADD	R7, SP, #0XC	;(SP=0x100FFFEC )
(  libmakeurl2.4.9.so[0xCBBCB000])[2D E9 00 0F ]0x00003430:	PUSH.W	{R8, SB, SL, FP}	;(SP=0x100FFFEC R8=0x00000000 SB=0x00000000 SL=0x00000000 FP=0x00000000 )
(  libmakeurl2.4.9.so[0xCBBCB000])[87 B0       ]0x00003434:	SUB	SP, #0X1C	;(SP=0x100FFFDC )
(  libmakeurl2.4.9.so[0xCBBCB000])[8C 49       ]0x00003436:	LDR	R1, [PC, #0X230]	;(PC=0xCBBCE436 )
(  libmakeurl2.4.9.so[0xCBBCB000])[04 24       ]0x00003438:	MOVS	R4, #4
(  libmakeurl2.4.9.so[0xCBBCB000])[C0 F2 01 04 ]0x0000343A:	MOVT	R4, #1	;(R4=0x00000004 )
(  libmakeurl2.4.9.so[0xCBBCB000])[79 44       ]0x0000343E:	ADD	R1, PC	;(R1=0x00041A9A PC=0xCBBCE43E )
(  libmakeurl2.4.9.so[0xCBBCB000])[09 68       ]0x00003440:	LDR	R1, [R1]	;(R1=0xCBC0FEDC )
(  libmakeurl2.4.9.so[0xCBBCB000])[09 68       ]0x00003442:	LDR	R1, [R1]	;(R1=0xCBC79384 )
(  libmakeurl2.4.9.so[0xCBBCB000])[06 91       ]0x00003444:	STR	R1, [SP, #0X18]	;(R1=0x00000000 SP=0x100FFFC0 )
(  libmakeurl2.4.9.so[0xCBBCB000])[04 A9       ]0x00003446:	ADD	R1, SP, #0X10	;(SP=0x100FFFC0 )
(  libmakeurl2.4.9.so[0xCBBCB000])[01 91       ]0x00003448:	STR	R1, [SP, #4]	;(R1=0x100FFFD0 SP=0x100FFFC0 )
(  libmakeurl2.4.9.so[0xCBBCB000])[01 9A       ]0x0000344A:	LDR	R2, [SP, #4]	;(SP=0x100FFFC0 )
(  libmakeurl2.4.9.so[0xCBBCB000])[00 22       ]0x0000344C:	MOVS	R2, #0
(  libmakeurl2.4.9.so[0xCBBCB000])[04 92       ]0x0000344E:	STR	R2, [SP, #0X10]	;(R2=0x00000000 SP=0x100FFFC0 )
(  libmakeurl2.4.9.so[0xCBBCB000])[02 68       ]0x00003450:	LDR	R2, [R0]	;(R0=0x01000056 )
(  libmakeurl2.4.9.so[0xCBBCB000])[93 69       ]0x00003452:	LDR	R3, [R2, #0X18]	;(R2=0x01000036 )
(  libmakeurl2.4.9.so[0xCBBCB000])[22 46       ]0x00003454:	MOV	R2, R4	;(R4=0x00010004 )
(  libmakeurl2.4.9.so[0xCBBCB000])[98 47       ]0x00003456:	BLX	R3	;(PC=0xCBBCE456 R3=0x01000023 )
(             unknown[0x00000000])[10 B5       ]0x01000022:	PUSH	{R4, LR}	;(SP=0x100FFFC0 R4=0x00010004 LR=0xCBBCE459 )
(             unknown[0x00000000])[4F F6 03 74 ]0x01000024:	MOVW	R4, #0XFF03
(             unknown[0x00000000])[E8 BF       ]0x01000028:	IT	AL
(             unknown[0x00000000])[10 BD       ]0x0100002A:	POP	{R4, PC}	;(SP=0x100FFFB8 )
(  libmakeurl2.4.9.so[0xCBBCB000])[85 49       ]0x00003458:	LDR	R1, [PC, #0X214]	;(PC=0xCBBCE458 )
(  libmakeurl2.4.9.so[0xCBBCB000])[48 F6 E8 46 ]0x0000345A:	MOVW	R6, #0X8CE8
(  libmakeurl2.4.9.so[0xCBBCB000])[41 F2 56 5C ]0x0000345E:	MOVW	IP, #0X1556
(  libmakeurl2.4.9.so[0xCBBCB000])[46 F6 53 63 ]0x00003462:	MOVW	R3, #0X6E53
(  libmakeurl2.4.9.so[0xCBBCB000])[4A F2 D9 79 ]0x00003466:	MOVW	SB, #0XA7D9
(  libmakeurl2.4.9.so[0xCBBCB000])[4E F2 8E 5A ]0x0000346A:	MOVW	SL, #0XE58E
(  libmakeurl2.4.9.so[0xCBBCB000])[4D F6 01 28 ]0x0000346E:	MOVW	R8, #0XDA01
(  libmakeurl2.4.9.so[0xCBBCB000])[46 F6 70 22 ]0x00003472:	MOVW	R2, #0X6A70
(  libmakeurl2.4.9.so[0xCBBCB000])[79 44       ]0x00003476:	ADD	R1, PC	;(R1=0x0003DD8E PC=0xCBBCE476 )
(  libmakeurl2.4.9.so[0xCBBCB000])[02 90       ]0x00003478:	STR	R0, [SP, #8]	;(R0=0x00000000 SP=0x100FFFC0 )
(  libmakeurl2.4.9.so[0xCBBCB000])[C0 F6 4B 36 ]0x0000347A:	MOVT	R6, #0XB4B	;(R6=0x00008CE8 )
(  libmakeurl2.4.9.so[0xCBBCB000])[CD F2 CA 4C ]0x0000347E:	MOVT	IP, #0XD4CA	;(IP=0x00001556 )
(  libmakeurl2.4.9.so[0xCBBCB000])[C3 F6 17 03 ]0x00003482:	MOVT	R3, #0X3817	;(R3=0x00006E53 )
(  libmakeurl2.4.9.so[0xCBBCB000])[C5 F2 5D 39 ]0x00003486:	MOVT	SB, #0X535D	;(SB=0x0000A7D9 )
(  libmakeurl2.4.9.so[0xCBBCB000])[C0 F6 84 3A ]0x0000348A:	MOVT	SL, #0XB84	;(SL=0x0000E58E )
(  libmakeurl2.4.9.so[0xCBBCB000])[C5 F2 51 68 ]0x0000348E:	MOVT	R8, #0X5651	;(R8=0x0000DA01 )
(  libmakeurl2.4.9.so[0xCBBCB000])[C5 F6 58 02 ]0x00003492:	MOVT	R2, #0X5858	;(R2=0x00006A70 )
(  libmakeurl2.4.9.so[0xCBBCB000])[05 E0       ]0x00003496:	B	#0XCBBCE4A4
(  libmakeurl2.4.9.so[0xCBBCB000])[83 46       ]0x000034A4:	MOV	FP, R0	;(R0=0x00000000 )
(  libmakeurl2.4.9.so[0xCBBCB000])[46 F6 52 60 ]0x000034A6:	MOVW	R0, #0X6E52
(  libmakeurl2.4.9.so[0xCBBCB000])[35 46       ]0x000034AA:	MOV	R5, R6	;(R6=0x0B4B8CE8 )
(  libmakeurl2.4.9.so[0xCBBCB000])[C3 F6 17 00 ]0x000034AC:	MOVT	R0, #0X3817	;(R0=0x00006E52 )
(  libmakeurl2.4.9.so[0xCBBCB000])[85 42       ]0x000034B0:	CMP	R5, R0	;(R5=0x0B4B8CE8 R0=0x38176E52 )
(  libmakeurl2.4.9.so[0xCBBCB000])[12 DC       ]0x000034B2:	BGT	#0XCBBCE4DA
(  libmakeurl2.4.9.so[0xCBBCB000])[45 F2 13 30 ]0x000034B4:	MOVW	R0, #0X5313
(  libmakeurl2.4.9.so[0xCBBCB000])[CE F2 A2 00 ]0x000034B8:	MOVT	R0, #0XE0A2	;(R0=0x00005313 )
(  libmakeurl2.4.9.so[0xCBBCB000])[85 42       ]0x000034BC:	CMP	R5, R0	;(R5=0x0B4B8CE8 R0=0xE0A25313 )
(  libmakeurl2.4.9.so[0xCBBCB000])[19 DC       ]0x000034BE:	BGT	#0XCBBCE4F4
(  libmakeurl2.4.9.so[0xCBBCB000])[45 F2 14 30 ]0x000034F4:	MOVW	R0, #0X5314
(  libmakeurl2.4.9.so[0xCBBCB000])[CE F2 A2 00 ]0x000034F8:	MOVT	R0, #0XE0A2	;(R0=0x00005314 )
(  libmakeurl2.4.9.so[0xCBBCB000])[85 42       ]0x000034FC:	CMP	R5, R0	;(R5=0x0B4B8CE8 R0=0xE0A25314 )
(  libmakeurl2.4.9.so[0xCBBCB000])[CB D0       ]0x000034FE:	BEQ	#0XCBBCE498
(  libmakeurl2.4.9.so[0xCBBCB000])[48 F6 E8 40 ]0x00003500:	MOVW	R0, #0X8CE8
(  libmakeurl2.4.9.so[0xCBBCB000])[2E 46       ]0x00003504:	MOV	R6, R5	;(R5=0x0B4B8CE8 )
(  libmakeurl2.4.9.so[0xCBBCB000])[C0 F6 4B 30 ]0x00003506:	MOVT	R0, #0XB4B	;(R0=0x00008CE8 )
(  libmakeurl2.4.9.so[0xCBBCB000])[85 42       ]0x0000350A:	CMP	R5, R0	;(R5=0x0B4B8CE8 R0=0x0B4B8CE8 )
(  libmakeurl2.4.9.so[0xCBBCB000])[58 46       ]0x0000350C:	MOV	R0, FP	;(FP=0x00000000 )
(  libmakeurl2.4.9.so[0xCBBCB000])[C9 D1       ]0x0000350E:	BNE	#0XCBBCE4A4
(  libmakeurl2.4.9.so[0xCBBCB000])[02 98       ]0x00003510:	LDR	R0, [SP, #8]	;(SP=0x100FFFC0 )
(  libmakeurl2.4.9.so[0xCBBCB000])[4C F2 EE 36 ]0x00003512:	MOVW	R6, #0XC3EE
(  libmakeurl2.4.9.so[0xCBBCB000])[C7 F6 AB 26 ]0x00003516:	MOVT	R6, #0X7AAB	;(R6=0x0000C3EE )
(  libmakeurl2.4.9.so[0xCBBCB000])[00 28       ]0x0000351A:	CMP	R0, #0	;(R0=0x00000000 )
(  libmakeurl2.4.9.so[0xCBBCB000])[58 46       ]0x0000351C:	MOV	R0, FP	;(FP=0x00000000 )
(  libmakeurl2.4.9.so[0xCBBCB000])[1C BF       ]0x0000351E:	ITT	NE
(  libmakeurl2.4.9.so[0xCBBCB000])[BC E7       ]0x00003528:	B	#0XCBBCE4A4
(  libmakeurl2.4.9.so[0xCBBCB000])[83 46       ]0x000034A4:	MOV	FP, R0	;(R0=0x00000000 )
(  libmakeurl2.4.9.so[0xCBBCB000])[46 F6 52 60 ]0x000034A6:	MOVW	R0, #0X6E52
(  libmakeurl2.4.9.so[0xCBBCB000])[35 46       ]0x000034AA:	MOV	R5, R6	;(R6=0x7AABC3EE )
(  libmakeurl2.4.9.so[0xCBBCB000])[C3 F6 17 00 ]0x000034AC:	MOVT	R0, #0X3817	;(R0=0x00006E52 )
(  libmakeurl2.4.9.so[0xCBBCB000])[85 42       ]0x000034B0:	CMP	R5, R0	;(R5=0x7AABC3EE R0=0x38176E52 )
(  libmakeurl2.4.9.so[0xCBBCB000])[12 DC       ]0x000034B2:	BGT	#0XCBBCE4DA
(  libmakeurl2.4.9.so[0xCBBCB000])[47 F2 26 10 ]0x000034DA:	MOVW	R0, #0X7126
(  libmakeurl2.4.9.so[0xCBBCB000])[C5 F6 84 30 ]0x000034DE:	MOVT	R0, #0X5B84	;(R0=0x00007126 )
(  libmakeurl2.4.9.so[0xCBBCB000])[85 42       ]0x000034E2:	CMP	R5, R0	;(R5=0x7AABC3EE R0=0x5B847126 )
(  libmakeurl2.4.9.so[0xCBBCB000])[21 DC       ]0x000034E4:	BGT	#0XCBBCE52A
(  libmakeurl2.4.9.so[0xCBBCB000])[4C F2 EE 30 ]0x0000352A:	MOVW	R0, #0XC3EE
(  libmakeurl2.4.9.so[0xCBBCB000])[C7 F6 AB 20 ]0x0000352E:	MOVT	R0, #0X7AAB	;(R0=0x0000C3EE )
(  libmakeurl2.4.9.so[0xCBBCB000])[85 42       ]0x00003532:	CMP	R5, R0	;(R5=0x7AABC3EE R0=0x7AABC3EE )
(  libmakeurl2.4.9.so[0xCBBCB000])[13 D0       ]0x00003534:	BEQ	#0XCBBCE55E
(  libmakeurl2.4.9.so[0xCBBCB000])[04 98       ]0x0000355E:	LDR	R0, [SP, #0X10]	;(SP=0x100FFFC0 )
(  libmakeurl2.4.9.so[0xCBBCB000])[1E 46       ]0x00003560:	MOV	R6, R3	;(R3=0x38176E53 )
(  libmakeurl2.4.9.so[0xCBBCB000])[03 90       ]0x00003562:	STR	R0, [SP, #0XC]	;(R0=0x01000CF0 SP=0x100FFFC0 )
(  libmakeurl2.4.9.so[0xCBBCB000])[03 98       ]0x00003564:	LDR	R0, [SP, #0XC]	;(SP=0x100FFFC0 )
(  libmakeurl2.4.9.so[0xCBBCB000])[00 28       ]0x00003566:	CMP	R0, #0	;(R0=0x01000CF0 )
(  libmakeurl2.4.9.so[0xCBBCB000])[58 46       ]0x00003568:	MOV	R0, FP	;(FP=0x00000000 )
(  libmakeurl2.4.9.so[0xCBBCB000])[04 BF       ]0x0000356A:	ITT	EQ
(  libmakeurl2.4.9.so[0xCBBCB000])[96 E7       ]0x00003574:	B	#0XCBBCE4A4
(  libmakeurl2.4.9.so[0xCBBCB000])[83 46       ]0x000034A4:	MOV	FP, R0	;(R0=0x00000000 )
(  libmakeurl2.4.9.so[0xCBBCB000])[46 F6 52 60 ]0x000034A6:	MOVW	R0, #0X6E52
(  libmakeurl2.4.9.so[0xCBBCB000])[35 46       ]0x000034AA:	MOV	R5, R6	;(R6=0x38176E53 )
(  libmakeurl2.4.9.so[0xCBBCB000])[C3 F6 17 00 ]0x000034AC:	MOVT	R0, #0X3817	;(R0=0x00006E52 )
(  libmakeurl2.4.9.so[0xCBBCB000])[85 42       ]0x000034B0:	CMP	R5, R0	;(R5=0x38176E53 R0=0x38176E52 )
(  libmakeurl2.4.9.so[0xCBBCB000])[12 DC       ]0x000034B2:	BGT	#0XCBBCE4DA
(  libmakeurl2.4.9.so[0xCBBCB000])[47 F2 26 10 ]0x000034DA:	MOVW	R0, #0X7126
(  libmakeurl2.4.9.so[0xCBBCB000])[C5 F6 84 30 ]0x000034DE:	MOVT	R0, #0X5B84	;(R0=0x00007126 )
(  libmakeurl2.4.9.so[0xCBBCB000])[85 42       ]0x000034E2:	CMP	R5, R0	;(R5=0x38176E53 R0=0x5B847126 )
(  libmakeurl2.4.9.so[0xCBBCB000])[21 DC       ]0x000034E4:	BGT	#0XCBBCE52A
(  libmakeurl2.4.9.so[0xCBBCB000])[9D 42       ]0x000034E6:	CMP	R5, R3	;(R5=0x38176E53 R3=0x38176E53 )
(  libmakeurl2.4.9.so[0xCBBCB000])[2E D0       ]0x000034E8:	BEQ	#0XCBBCE548
(  libmakeurl2.4.9.so[0xCBBCB000])[03 9C       ]0x00003548:	LDR	R4, [SP, #0XC]	;(SP=0x100FFFC0 )
(  libmakeurl2.4.9.so[0xCBBCB000])[20 68       ]0x0000354A:	LDR	R0, [R4]	;(R4=0x01000CF0 )
(  libmakeurl2.4.9.so[0xCBBCB000])[82 69       ]0x0000354C:	LDR	R2, [R0, #0X18]	;(R0=0x0100094C )
(  libmakeurl2.4.9.so[0xCBBCB000])[20 46       ]0x0000354E:	MOV	R0, R4	;(R4=0x01000CF0 )
(  libmakeurl2.4.9.so[0xCBBCB000])[90 47       ]0x00003550:	BLX	R2	;(PC=0xCBBCE550 R2=0x0100006F )
(             unknown[0x00000000])[10 B5       ]0x0100006E:	PUSH	{R4, LR}	;(SP=0x100FFFC0 R4=0x01000CF0 LR=0xCBBCE553 )
(             unknown[0x00000000])[4F F6 07 74 ]0x01000070:	MOVW	R4, #0XFF07
(             unknown[0x00000000])[E8 BF       ]0x01000074:	IT	AL
(             unknown[0x00000000])[10 BD       ]0x01000076:	POP	{R4, PC}	;(SP=0x100FFFB8 )
(  libmakeurl2.4.9.so[0xCBBCB000])[05 90       ]0x00003552:	STR	R0, [SP, #0X14]	;(R0=0x00000001 SP=0x100FFFC0 )
(  libmakeurl2.4.9.so[0xCBBCB000])[4D F6 01 20 ]0x00003554:	MOVW	R0, #0XDA01
(  libmakeurl2.4.9.so[0xCBBCB000])[C5 F2 51 60 ]0x00003558:	MOVT	R0, #0X5651	;(R0=0x0000DA01 )
(  libmakeurl2.4.9.so[0xCBBCB000])[0F E0       ]0x0000355C:	B	#0XCBBCE57E
(  libmakeurl2.4.9.so[0xCBBCB000])[48 F6 0E 66 ]0x0000357E:	MOVW	R6, #0X8E0E
(  libmakeurl2.4.9.so[0xCBBCB000])[CB F6 F1 46 ]0x00003582:	MOVT	R6, #0XBCF1	;(R6=0x00008E0E )
(  libmakeurl2.4.9.so[0xCBBCB000])[48 45       ]0x00003586:	CMP	R0, SB	;(R0=0x5651DA01 SB=0x535DA7D9 )
(  libmakeurl2.4.9.so[0xCBBCB000])[29 DC       ]0x00003588:	BGT	#0XCBBCE5DE
(  libmakeurl2.4.9.so[0xCBBCB000])[40 45       ]0x000035DE:	CMP	R0, R8	;(R0=0x5651DA01 R8=0x5651DA01 )
(  libmakeurl2.4.9.so[0xCBBCB000])[0A D1       ]0x000035E0:	BNE	#0XCBBCE5F8
(  libmakeurl2.4.9.so[0xCBBCB000])[05 98       ]0x000035E2:	LDR	R0, [SP, #0X14]	;(SP=0x100FFFC0 )
(  libmakeurl2.4.9.so[0xCBBCB000])[00 28       ]0x000035E4:	CMP	R0, #0	;(R0=0x00000001 )
(  libmakeurl2.4.9.so[0xCBBCB000])[50 46       ]0x000035E6:	MOV	R0, SL	;(SL=0x0B84E58E )
(  libmakeurl2.4.9.so[0xCBBCB000])[04 BF       ]0x000035E8:	ITT	EQ
(  libmakeurl2.4.9.so[0xCBBCB000])[48 45       ]0x000035F2:	CMP	R0, SB	;(R0=0x0B84E58E SB=0x535DA7D9 )
(  libmakeurl2.4.9.so[0xCBBCB000])[F3 DC       ]0x000035F4:	BGT	#0XCBBCE5DE
(  libmakeurl2.4.9.so[0xCBBCB000])[E9 E7       ]0x000035F6:	B	#0XCBBCE5CC
(  libmakeurl2.4.9.so[0xCBBCB000])[50 45       ]0x000035CC:	CMP	R0, SL	;(R0=0x0B84E58E SL=0x0B84E58E )
(  libmakeurl2.4.9.so[0xCBBCB000])[DD D0       ]0x000035CE:	BEQ	#0XCBBCE58C
(  libmakeurl2.4.9.so[0xCBBCB000])[20 68       ]0x0000358C:	LDR	R0, [R4]	;(R4=0x01000CF0 )
(  libmakeurl2.4.9.so[0xCBBCB000])[07 23       ]0x0000358E:	MOVS	R3, #7
(  libmakeurl2.4.9.so[0xCBBCB000])[39 4A       ]0x00003590:	LDR	R2, [PC, #0XE4]	;(PC=0xCBBCE590 )
(  libmakeurl2.4.9.so[0xCBBCB000])[D0 F8 5C 53 ]0x00003592:	LDR.W	R5, [R0, #0X35C]	;(R0=0x0100094C )
(  libmakeurl2.4.9.so[0xCBBCB000])[7A 44       ]0x00003596:	ADD	R2, PC	;(R2=0x00041A6A PC=0xCBBCE596 )
(  libmakeurl2.4.9.so[0xCBBCB000])[05 99       ]0x00003598:	LDR	R1, [SP, #0X14]	;(SP=0x100FFFC0 )
(  libmakeurl2.4.9.so[0xCBBCB000])[20 46       ]0x0000359A:	MOV	R0, R4	;(R4=0x01000CF0 )
(  libmakeurl2.4.9.so[0xCBBCB000])[A8 47       ]0x0000359C:	BLX	R5	;(PC=0xCBBCE59C R5=0x01000899 )
(             unknown[0x00000000])[10 B5       ]0x01000898:	PUSH	{R4, LR}	;(SP=0x100FFFC0 R4=0x01000CF0 LR=0xCBBCE59F )
(             unknown[0x00000000])[4F F6 D8 74 ]0x0100089A:	MOVW	R4, #0XFFD8
(             unknown[0x00000000])[E8 BF       ]0x0100089E:	IT	AL
(             unknown[0x00000000])[10 BD       ]0x010008A0:	POP	{R4, PC}	;(SP=0x100FFFB8 )
(  libmakeurl2.4.9.so[0xCBBCB000])[00 28       ]0x0000359E:	CMP	R0, #0	;(R0=0x00000000 )
(  libmakeurl2.4.9.so[0xCBBCB000])[4B F2 31 30 ]0x000035A0:	MOVW	R0, #0XB331
(  libmakeurl2.4.9.so[0xCBBCB000])[CD F2 16 70 ]0x000035A4:	MOVT	R0, #0XD716	;(R0=0x0000B331 )
(  libmakeurl2.4.9.so[0xCBBCB000])[1C BF       ]0x000035A8:	ITT	NE
(  libmakeurl2.4.9.so[0xCBBCB000])[48 45       ]0x000035B2:	CMP	R0, SB	;(R0=0xD716B331 SB=0x535DA7D9 )
(  libmakeurl2.4.9.so[0xCBBCB000])[13 DC       ]0x000035B4:	BGT	#0XCBBCE5DE
(  libmakeurl2.4.9.so[0xCBBCB000])[09 E0       ]0x000035B6:	B	#0XCBBCE5CC
(  libmakeurl2.4.9.so[0xCBBCB000])[50 45       ]0x000035CC:	CMP	R0, SL	;(R0=0xD716B331 SL=0x0B84E58E )
(  libmakeurl2.4.9.so[0xCBBCB000])[DD D0       ]0x000035CE:	BEQ	#0XCBBCE58C
(  libmakeurl2.4.9.so[0xCBBCB000])[40 F6 CE 11 ]0x000035D0:	MOVW	R1, #0X9CE
(  libmakeurl2.4.9.so[0xCBBCB000])[CC F2 32 51 ]0x000035D4:	MOVT	R1, #0XC532	;(R1=0x000009CE )
(  libmakeurl2.4.9.so[0xCBBCB000])[88 42       ]0x000035D8:	CMP	R0, R1	;(R0=0xD716B331 R1=0xC53209CE )
(  libmakeurl2.4.9.so[0xCBBCB000])[14 D1       ]0x000035DA:	BNE	#0XCBBCE606
(  libmakeurl2.4.9.so[0xCBBCB000])[4B F2 31 31 ]0x00003606:	MOVW	R1, #0XB331
(  libmakeurl2.4.9.so[0xCBBCB000])[CD F2 16 71 ]0x0000360A:	MOVT	R1, #0XD716	;(R1=0x0000B331 )
(  libmakeurl2.4.9.so[0xCBBCB000])[88 42       ]0x0000360E:	CMP	R0, R1	;(R0=0xD716B331 R1=0xD716B331 )
(  libmakeurl2.4.9.so[0xCBBCB000])[B1 D0       ]0x00003610:	BEQ	#0XCBBCE576
(  libmakeurl2.4.9.so[0xCBBCB000])[4D F2 E5 70 ]0x00003576:	MOVW	R0, #0XD7E5
(  libmakeurl2.4.9.so[0xCBBCB000])[C5 F2 CB 40 ]0x0000357A:	MOVT	R0, #0X54CB	;(R0=0x0000D7E5 )
(  libmakeurl2.4.9.so[0xCBBCB000])[48 F6 0E 66 ]0x0000357E:	MOVW	R6, #0X8E0E
(  libmakeurl2.4.9.so[0xCBBCB000])[CB F6 F1 46 ]0x00003582:	MOVT	R6, #0XBCF1	;(R6=0x00008E0E )
(  libmakeurl2.4.9.so[0xCBBCB000])[48 45       ]0x00003586:	CMP	R0, SB	;(R0=0x54CBD7E5 SB=0x535DA7D9 )
(  libmakeurl2.4.9.so[0xCBBCB000])[29 DC       ]0x00003588:	BGT	#0XCBBCE5DE
(  libmakeurl2.4.9.so[0xCBBCB000])[40 45       ]0x000035DE:	CMP	R0, R8	;(R0=0x54CBD7E5 R8=0x5651DA01 )
(  libmakeurl2.4.9.so[0xCBBCB000])[0A D1       ]0x000035E0:	BNE	#0XCBBCE5F8
(  libmakeurl2.4.9.so[0xCBBCB000])[4A F2 DA 71 ]0x000035F8:	MOVW	R1, #0XA7DA
(  libmakeurl2.4.9.so[0xCBBCB000])[C5 F2 5D 31 ]0x000035FC:	MOVT	R1, #0X535D	;(R1=0x0000A7DA )
(  libmakeurl2.4.9.so[0xCBBCB000])[88 42       ]0x00003600:	CMP	R0, R1	;(R0=0x54CBD7E5 R1=0x535DA7DA )
(  libmakeurl2.4.9.so[0xCBBCB000])[07 D1       ]0x00003602:	BNE	#0XCBBCE614
(  libmakeurl2.4.9.so[0xCBBCB000])[4D F2 E5 71 ]0x00003614:	MOVW	R1, #0XD7E5
(  libmakeurl2.4.9.so[0xCBBCB000])[C5 F2 CB 41 ]0x00003618:	MOVT	R1, #0X54CB	;(R1=0x0000D7E5 )
(  libmakeurl2.4.9.so[0xCBBCB000])[88 42       ]0x0000361C:	CMP	R0, R1	;(R0=0x54CBD7E5 R1=0x54CBD7E5 )
(  libmakeurl2.4.9.so[0xCBBCB000])[13 D1       ]0x0000361E:	BNE	#0XCBBCE648
(  libmakeurl2.4.9.so[0xCBBCB000])[41 F2 56 52 ]0x00003620:	MOVW	R2, #0X1556
(  libmakeurl2.4.9.so[0xCBBCB000])[13 49       ]0x00003624:	LDR	R1, [PC, #0X4C]	;(PC=0xCBBCE624 )
(  libmakeurl2.4.9.so[0xCBBCB000])[CD F2 CA 42 ]0x00003626:	MOVT	R2, #0XD4CA	;(R2=0x00001556 )
(  libmakeurl2.4.9.so[0xCBBCB000])[04 24       ]0x0000362A:	MOVS	R4, #4
(  libmakeurl2.4.9.so[0xCBBCB000])[46 F6 53 63 ]0x0000362C:	MOVW	R3, #0X6E53
(  libmakeurl2.4.9.so[0xCBBCB000])[94 46       ]0x00003630:	MOV	IP, R2	;(R2=0xD4CA1556 )
(  libmakeurl2.4.9.so[0xCBBCB000])[46 F6 70 22 ]0x00003632:	MOVW	R2, #0X6A70
(  libmakeurl2.4.9.so[0xCBBCB000])[58 46       ]0x00003636:	MOV	R0, FP	;(FP=0x00000000 )
(  libmakeurl2.4.9.so[0xCBBCB000])[C0 F2 01 04 ]0x00003638:	MOVT	R4, #1	;(R4=0x00000004 )
(  libmakeurl2.4.9.so[0xCBBCB000])[C3 F6 17 03 ]0x0000363C:	MOVT	R3, #0X3817	;(R3=0x00006E53 )
(  libmakeurl2.4.9.so[0xCBBCB000])[79 44       ]0x00003640:	ADD	R1, PC	;(R1=0x0003DBC4 PC=0xCBBCE640 )
(  libmakeurl2.4.9.so[0xCBBCB000])[C5 F6 58 02 ]0x00003642:	MOVT	R2, #0X5858	;(R2=0x00006A70 )
(  libmakeurl2.4.9.so[0xCBBCB000])[2D E7       ]0x00003646:	B	#0XCBBCE4A4
(  libmakeurl2.4.9.so[0xCBBCB000])[83 46       ]0x000034A4:	MOV	FP, R0	;(R0=0x00000000 )
(  libmakeurl2.4.9.so[0xCBBCB000])[46 F6 52 60 ]0x000034A6:	MOVW	R0, #0X6E52
(  libmakeurl2.4.9.so[0xCBBCB000])[35 46       ]0x000034AA:	MOV	R5, R6	;(R6=0xBCF18E0E )
(  libmakeurl2.4.9.so[0xCBBCB000])[C3 F6 17 00 ]0x000034AC:	MOVT	R0, #0X3817	;(R0=0x00006E52 )
(  libmakeurl2.4.9.so[0xCBBCB000])[85 42       ]0x000034B0:	CMP	R5, R0	;(R5=0xBCF18E0E R0=0x38176E52 )
(  libmakeurl2.4.9.so[0xCBBCB000])[12 DC       ]0x000034B2:	BGT	#0XCBBCE4DA
(  libmakeurl2.4.9.so[0xCBBCB000])[45 F2 13 30 ]0x000034B4:	MOVW	R0, #0X5313
(  libmakeurl2.4.9.so[0xCBBCB000])[CE F2 A2 00 ]0x000034B8:	MOVT	R0, #0XE0A2	;(R0=0x00005313 )
(  libmakeurl2.4.9.so[0xCBBCB000])[85 42       ]0x000034BC:	CMP	R5, R0	;(R5=0xBCF18E0E R0=0xE0A25313 )
(  libmakeurl2.4.9.so[0xCBBCB000])[19 DC       ]0x000034BE:	BGT	#0XCBBCE4F4
(  libmakeurl2.4.9.so[0xCBBCB000])[48 F6 0E 60 ]0x000034C0:	MOVW	R0, #0X8E0E
(  libmakeurl2.4.9.so[0xCBBCB000])[47 F2 27 16 ]0x000034C4:	MOVW	R6, #0X7127
(  libmakeurl2.4.9.so[0xCBBCB000])[CB F6 F1 40 ]0x000034C8:	MOVT	R0, #0XBCF1	;(R0=0x00008E0E )
(  libmakeurl2.4.9.so[0xCBBCB000])[85 42       ]0x000034CC:	CMP	R5, R0	;(R5=0xBCF18E0E R0=0xBCF18E0E )
(  libmakeurl2.4.9.so[0xCBBCB000])[20 46       ]0x000034CE:	MOV	R0, R4	;(R4=0x00010004 )
(  libmakeurl2.4.9.so[0xCBBCB000])[C5 F6 84 36 ]0x000034D0:	MOVT	R6, #0X5B84	;(R6=0x00007127 )
(  libmakeurl2.4.9.so[0xCBBCB000])[E6 D0       ]0x000034D4:	BEQ	#0XCBBCE4A4
(  libmakeurl2.4.9.so[0xCBBCB000])[83 46       ]0x000034A4:	MOV	FP, R0	;(R0=0x00010004 )
(  libmakeurl2.4.9.so[0xCBBCB000])[46 F6 52 60 ]0x000034A6:	MOVW	R0, #0X6E52
(  libmakeurl2.4.9.so[0xCBBCB000])[35 46       ]0x000034AA:	MOV	R5, R6	;(R6=0x5B847127 )
(  libmakeurl2.4.9.so[0xCBBCB000])[C3 F6 17 00 ]0x000034AC:	MOVT	R0, #0X3817	;(R0=0x00006E52 )
(  libmakeurl2.4.9.so[0xCBBCB000])[85 42       ]0x000034B0:	CMP	R5, R0	;(R5=0x5B847127 R0=0x38176E52 )
(  libmakeurl2.4.9.so[0xCBBCB000])[12 DC       ]0x000034B2:	BGT	#0XCBBCE4DA
(  libmakeurl2.4.9.so[0xCBBCB000])[47 F2 26 10 ]0x000034DA:	MOVW	R0, #0X7126
(  libmakeurl2.4.9.so[0xCBBCB000])[C5 F6 84 30 ]0x000034DE:	MOVT	R0, #0X5B84	;(R0=0x00007126 )
(  libmakeurl2.4.9.so[0xCBBCB000])[85 42       ]0x000034E2:	CMP	R5, R0	;(R5=0x5B847127 R0=0x5B847126 )
(  libmakeurl2.4.9.so[0xCBBCB000])[21 DC       ]0x000034E4:	BGT	#0XCBBCE52A
(  libmakeurl2.4.9.so[0xCBBCB000])[4C F2 EE 30 ]0x0000352A:	MOVW	R0, #0XC3EE
(  libmakeurl2.4.9.so[0xCBBCB000])[C7 F6 AB 20 ]0x0000352E:	MOVT	R0, #0X7AAB	;(R0=0x0000C3EE )
(  libmakeurl2.4.9.so[0xCBBCB000])[85 42       ]0x00003532:	CMP	R5, R0	;(R5=0x5B847127 R0=0x7AABC3EE )
(  libmakeurl2.4.9.so[0xCBBCB000])[13 D0       ]0x00003534:	BEQ	#0XCBBCE55E
(  libmakeurl2.4.9.so[0xCBBCB000])[47 F2 27 10 ]0x00003536:	MOVW	R0, #0X7127
(  libmakeurl2.4.9.so[0xCBBCB000])[2E 46       ]0x0000353A:	MOV	R6, R5	;(R5=0x5B847127 )
(  libmakeurl2.4.9.so[0xCBBCB000])[C5 F6 84 30 ]0x0000353C:	MOVT	R0, #0X5B84	;(R0=0x00007127 )
(  libmakeurl2.4.9.so[0xCBBCB000])[85 42       ]0x00003540:	CMP	R5, R0	;(R5=0x5B847127 R0=0x5B847127 )
(  libmakeurl2.4.9.so[0xCBBCB000])[58 46       ]0x00003542:	MOV	R0, FP	;(FP=0x00010004 )
(  libmakeurl2.4.9.so[0xCBBCB000])[AE D1       ]0x00003544:	BNE	#0XCBBCE4A4
(  libmakeurl2.4.9.so[0xCBBCB000])[80 E0       ]0x00003546:	B	#0XCBBCE64A
(  libmakeurl2.4.9.so[0xCBBCB000])[01 98       ]0x0000364A:	LDR	R0, [SP, #4]	;(SP=0x100FFFC0 )
(  libmakeurl2.4.9.so[0xCBBCB000])[07 48       ]0x0000364C:	LDR	R0, [PC, #0X1C]	;(PC=0xCBBCE64C )
(  libmakeurl2.4.9.so[0xCBBCB000])[06 99       ]0x0000364E:	LDR	R1, [SP, #0X18]	;(SP=0x100FFFC0 )
(  libmakeurl2.4.9.so[0xCBBCB000])[78 44       ]0x00003650:	ADD	R0, PC	;(R0=0x00041888 PC=0xCBBCE650 )
(  libmakeurl2.4.9.so[0xCBBCB000])[00 68       ]0x00003652:	LDR	R0, [R0]	;(R0=0xCBC0FEDC )
(  libmakeurl2.4.9.so[0xCBBCB000])[00 68       ]0x00003654:	LDR	R0, [R0]	;(R0=0xCBC79384 )
(  libmakeurl2.4.9.so[0xCBBCB000])[40 1A       ]0x00003656:	SUBS	R0, R0, R1	;(R0=0x00000000 R1=0x00000000 )
(  libmakeurl2.4.9.so[0xCBBCB000])[01 BF       ]0x00003658:	ITTTT	EQ
(  libmakeurl2.4.9.so[0xCBBCB000])[58 46       ]0x0000365A:	MOV	R0, FP	;(FP=0x00010004 )
(  libmakeurl2.4.9.so[0xCBBCB000])[07 B0       ]0x0000365C:	ADD	SP, #0X1C	;(SP=0x100FFFC0 )
(  libmakeurl2.4.9.so[0xCBBCB000])[BD E8 00 0F ]0x0000365E:	POP.W	{R8, SB, SL, FP}	;(SP=0x100FFFDC )
(  libmakeurl2.4.9.so[0xCBBCB000])[F0 BD       ]0x00003662:	POP	{R4, R5, R6, R7, PC}	;(SP=0x100FFFEC )
